[2025-06-12 10:55:51 -0400] GET /
[2025-06-12 10:55:51 -0400] GET /favicon.ico
[2025-06-12 10:56:06 -0400] GET /about
[2025-06-12 10:56:17 -0400] GET /api/time
[2025-06-12 10:56:17 -0400] GET /favicon.ico
[2025-06-12 10:56:28 -0400] GET /blah
[2025-06-12 11:01:13 -0400] GET /
[2025-06-12 11:01:22 -0400] GET /api/time
[2025-06-12 11:01:22 -0400] GET /favicon.ico
[2025-06-12 11:01:32 -0400] GET /about
[2025-06-12 11:01:40 -0400] GET /api/
[2025-06-12 11:01:47 -0400] GET /api/hello
[2025-06-12 11:01:47 -0400] GET /favicon.ico
[2025-06-12 11:01:56 -0400] GET /api/random
[2025-06-12 11:01:56 -0400] GET /favicon.ico
[2025-06-12 11:01:58 -0400] GET /api/random
[2025-06-12 11:01:58 -0400] GET /favicon.ico
[2025-06-12 11:01:59 -0400] GET /api/random
[2025-06-12 11:01:59 -0400] GET /favicon.ico
[2025-06-12 11:02:00 -0400] GET /api/random
[2025-06-12 11:02:00 -0400] GET /favicon.ico
[2025-06-12 11:02:01 -0400] GET /api/random
[2025-06-12 11:02:01 -0400] GET /favicon.ico
[2025-06-12 11:02:02 -0400] GET /api/random
[2025-06-12 11:02:02 -0400] GET /favicon.ico
[2025-06-12 11:02:03 -0400] GET /api/random
[2025-06-12 11:02:03 -0400] GET /favicon.ico
[2025-06-12 11:02:04 -0400] GET /api/random
[2025-06-12 11:02:04 -0400] GET /favicon.ico
[2025-06-12 11:02:09 -0400] GET /api/random
[2025-06-12 11:02:10 -0400] GET /favicon.ico
[2025-06-12 11:02:11 -0400] GET /api/random
[2025-06-12 11:02:11 -0400] GET /favicon.ico
[2025-06-12 11:02:12 -0400] GET /api/random
[2025-06-12 11:02:12 -0400] GET /favicon.ico
[2025-06-12 11:02:12 -0400] GET /api/random
[2025-06-12 11:02:12 -0400] GET /favicon.ico
[2025-06-12 11:02:13 -0400] GET /api/random
[2025-06-12 11:02:13 -0400] GET /favicon.ico
[2025-06-12 11:02:14 -0400] GET /api/random
[2025-06-12 11:02:14 -0400] GET /favicon.ico
[2025-06-12 11:02:14 -0400] GET /api/random
[2025-06-12 11:02:14 -0400] GET /favicon.ico
[2025-06-12 11:02:15 -0400] GET /api/random
[2025-06-12 11:02:15 -0400] GET /favicon.ico
[2025-06-12 11:02:15 -0400] GET /api/random
[2025-06-12 11:02:15 -0400] GET /favicon.ico
[2025-06-12 11:02:23 -0400] GET /api/random
[2025-06-12 11:02:23 -0400] GET /favicon.ico
[2025-06-12 11:02:25 -0400] GET /api/random
[2025-06-12 11:02:25 -0400] GET /favicon.ico
[2025-06-12 11:02:26 -0400] GET /api/random
[2025-06-12 11:02:26 -0400] GET /favicon.ico
[2025-06-12 11:02:26 -0400] GET /api/random
[2025-06-12 11:02:26 -0400] GET /favicon.ico
[2025-06-12 11:02:26 -0400] GET /api/random
[2025-06-12 11:02:26 -0400] GET /favicon.ico
[2025-06-12 11:02:27 -0400] GET /api/random
[2025-06-12 11:02:27 -0400] GET /favicon.ico
[2025-06-12 11:02:27 -0400] GET /api/random
[2025-06-12 11:02:27 -0400] GET /favicon.ico
[2025-06-12 11:02:27 -0400] GET /api/random
[2025-06-12 11:02:27 -0400] GET /favicon.ico
[2025-06-12 11:09:51 -0400] GET /
[2025-06-12 11:10:02 -0400] GET /api/random
[2025-06-12 11:10:02 -0400] GET /favicon.ico
[2025-06-12 11:10:05 -0400] GET /api/random
[2025-06-12 11:10:05 -0400] GET /favicon.ico
[2025-06-12 11:10:05 -0400] GET /api/random
[2025-06-12 11:10:05 -0400] GET /favicon.ico
[2025-06-12 11:10:06 -0400] GET /api/random
[2025-06-12 11:10:06 -0400] GET /favicon.ico
[2025-06-12 11:10:06 -0400] GET /api/random
[2025-06-12 11:10:06 -0400] GET /favicon.ico
[2025-06-12 11:10:18 -0400] GET /favicon.ico
[2025-06-12 11:10:33 -0400] GET /api/hello
[2025-06-12 11:10:33 -0400] GET /favicon.ico
[2025-06-12 11:10:46 -0400] GET /
[2025-06-12 11:10:53 -0400] GET /about
